# JRE version: OpenJDK Runtime Environment Corretto-17.0.3.6.1 (17.0.3+6) (build 17.0.3+6-LTS)
# Java VM: OpenJDK 64-Bit Server VM Corretto-17.0.3.6.1 (17.0.3+6-LTS, mixed mode, sharing, tiered, compressed oops, compressed class ptrs, g1 gc, windows-amd64)
GC Precious Log:
 CPUs: 8 total, 8 available
 Memory: 16157M
 Large Page Support: Disabled
 NUMA Support: Disabled
 Compressed Oops: Enabled (Zero based)
 Heap Region Size: 2M
 Heap Min Capacity: 8M
 Heap Initial Capacity: 254M
 Heap Max Capacity: 4040M
 Pre-touch: Disabled
 Parallel Workers: 8
 Concurrent Workers: 2
 Concurrent Refinement Workers: 8
 Periodic GC: Disabled
Heap:
 garbage-first heap   total 135168K, used 46288K [0x0000000703800000, 0x0000000800000000)
  region size 2048K, 6 young (12288K), 1 survivors (2048K)
 Metaspace       used 62271K, committed 62656K, reserved 1105920K
  class space    used 8519K, committed 8704K, reserved 1048576K
GC Heap History (20 events):
Event: 17.390 GC heap before
{Heap before GC invocations=8 (full 0):
 garbage-first heap   total 55296K, used 35785K [0x0000000703800000, 0x0000000800000000)
  region size 2048K, 11 young (22528K), 2 survivors (4096K)
 Metaspace       used 30997K, committed 31296K, reserved 1081344K
  class space    used 4045K, committed 4224K, reserved 1048576K
}
Event: 17.413 GC heap after
{Heap after GC invocations=9 (full 0):
 garbage-first heap   total 55296K, used 18913K [0x0000000703800000, 0x0000000800000000)
  region size 2048K, 1 young (2048K), 1 survivors (2048K)
 Metaspace       used 30997K, committed 31296K, reserved 1081344K
  class space    used 4045K, committed 4224K, reserved 1048576K
}
Event: 19.485 GC heap before
{Heap before GC invocations=9 (full 0):
 garbage-first heap   total 55296K, used 33249K [0x0000000703800000, 0x0000000800000000)
  region size 2048K, 9 young (18432K), 1 survivors (2048K)
 Metaspace       used 35749K, committed 35968K, reserved 1081344K
  class space    used 4834K, committed 4928K, reserved 1048576K
}
Event: 19.522 GC heap after
{Heap after GC invocations=10 (full 0):
 garbage-first heap   total 157696K, used 19500K [0x0000000703800000, 0x0000000800000000)
  region size 2048K, 2 young (4096K), 2 survivors (4096K)
 Metaspace       used 35749K, committed 35968K, reserved 1081344K
  class space    used 4834K, committed 4928K, reserved 1048576K
}
Event: 26.427 GC heap before
{Heap before GC invocations=11 (full 0):
 garbage-first heap   total 81920K, used 64556K [0x0000000703800000, 0x0000000800000000)
  region size 2048K, 24 young (49152K), 2 survivors (4096K)
 Metaspace       used 48111K, committed 48448K, reserved 1097728K
  class space    used 6483K, committed 6656K, reserved 1048576K
}
Event: 26.462 GC heap after
{Heap after GC invocations=12 (full 0):
 garbage-first heap   total 81920K, used 22803K [0x0000000703800000, 0x0000000800000000)
  region size 2048K, 3 young (6144K), 3 survivors (6144K)
 Metaspace       used 48111K, committed 48448K, reserved 1097728K
  class space    used 6483K, committed 6656K, reserved 1048576K
}
Event: 26.607 GC heap before
{Heap before GC invocations=12 (full 0):
 garbage-first heap   total 81920K, used 22803K [0x0000000703800000, 0x0000000800000000)
  region size 2048K, 4 young (8192K), 3 survivors (6144K)
 Metaspace       used 48257K, committed 48576K, reserved 1097728K
  class space    used 6496K, committed 6656K, reserved 1048576K
}
Event: 26.639 GC heap after
{Heap after GC invocations=13 (full 0):
 garbage-first heap   total 81920K, used 23419K [0x0000000703800000, 0x0000000800000000)
  region size 2048K, 1 young (2048K), 1 survivors (2048K)
 Metaspace       used 48257K, committed 48576K, reserved 1097728K
  class space    used 6496K, committed 6656K, reserved 1048576K
}
Event: 30.236 GC heap before
{Heap before GC invocations=13 (full 0):
 garbage-first heap   total 81920K, used 62331K [0x0000000703800000, 0x0000000800000000)
  region size 2048K, 20 young (40960K), 1 survivors (2048K)
 Metaspace       used 53456K, committed 53824K, reserved 1097728K
  class space    used 7213K, committed 7424K, reserved 1048576K
}
Event: 30.254 GC heap after
{Heap after GC invocations=14 (full 0):
 garbage-first heap   total 81920K, used 25385K [0x0000000703800000, 0x0000000800000000)
  region size 2048K, 2 young (4096K), 2 survivors (4096K)
 Metaspace       used 53456K, committed 53824K, reserved 1097728K
  class space    used 7213K, committed 7424K, reserved 1048576K
}
Event: 33.220 GC heap before
{Heap before GC invocations=14 (full 0):
 garbage-first heap   total 81920K, used 62249K [0x0000000703800000, 0x0000000800000000)
  region size 2048K, 20 young (40960K), 2 survivors (4096K)
 Metaspace       used 55999K, committed 56384K, reserved 1097728K
  class space    used 7536K, committed 7744K, reserved 1048576K
}
Event: 33.253 GC heap after
{Heap after GC invocations=15 (full 0):
 garbage-first heap   total 81920K, used 29094K [0x0000000703800000, 0x0000000800000000)
  region size 2048K, 3 young (6144K), 3 survivors (6144K)
 Metaspace       used 55999K, committed 56384K, reserved 1097728K
  class space    used 7536K, committed 7744K, reserved 1048576K
}
Event: 36.095 GC heap before
{Heap before GC invocations=15 (full 0):
 garbage-first heap   total 81920K, used 61862K [0x0000000703800000, 0x0000000800000000)
  region size 2048K, 19 young (38912K), 3 survivors (6144K)
 Metaspace       used 58772K, committed 59136K, reserved 1105920K
  class space    used 7954K, committed 8128K, reserved 1048576K
}
Event: 36.146 GC heap after
{Heap after GC invocations=16 (full 0):
 garbage-first heap   total 81920K, used 32730K [0x0000000703800000, 0x0000000800000000)
  region size 2048K, 2 young (4096K), 2 survivors (4096K)
 Metaspace       used 58772K, committed 59136K, reserved 1105920K
  class space    used 7954K, committed 8128K, reserved 1048576K
}
Event: 37.665 GC heap before
{Heap before GC invocations=16 (full 0):
 garbage-first heap   total 81920K, used 51162K [0x0000000703800000, 0x0000000800000000)
  region size 2048K, 12 young (24576K), 2 survivors (4096K)
 Metaspace       used 60131K, committed 60480K, reserved 1105920K
  class space    used 8146K, committed 8320K, reserved 1048576K
}
Event: 37.701 GC heap after
{Heap after GC invocations=17 (full 0):
 garbage-first heap   total 81920K, used 34299K [0x0000000703800000, 0x0000000800000000)
  region size 2048K, 3 young (6144K), 3 survivors (6144K)
 Metaspace       used 60131K, committed 60480K, reserved 1105920K
  class space    used 8146K, committed 8320K, reserved 1048576K
}
Event: 39.741 GC heap before
{Heap before GC invocations=18 (full 0):
 garbage-first heap   total 81920K, used 62971K [0x0000000703800000, 0x0000000800000000)
  region size 2048K, 17 young (34816K), 3 survivors (6144K)
 Metaspace       used 61087K, committed 61504K, reserved 1105920K
  class space    used 8313K, committed 8512K, reserved 1048576K
}
Event: 39.789 GC heap after
{Heap after GC invocations=19 (full 0):
 garbage-first heap   total 81920K, used 37729K [0x0000000703800000, 0x0000000800000000)
  region size 2048K, 3 young (6144K), 3 survivors (6144K)
 Metaspace       used 61087K, committed 61504K, reserved 1105920K
  class space    used 8313K, committed 8512K, reserved 1048576K
}
Event: 39.918 GC heap before
{Heap before GC invocations=19 (full 0):
 garbage-first heap   total 81920K, used 39777K [0x0000000703800000, 0x0000000800000000)
  region size 2048K, 4 young (8192K), 3 survivors (6144K)
 Metaspace       used 61195K, committed 61632K, reserved 1105920K
  class space    used 8331K, committed 8512K, reserved 1048576K
}
Event: 39.971 GC heap after
{Heap after GC invocations=20 (full 0):
 garbage-first heap   total 135168K, used 38096K [0x0000000703800000, 0x0000000800000000)
  region size 2048K, 1 young (2048K), 1 survivors (2048K)
 Metaspace       used 61195K, committed 61632K, reserved 1105920K
  class space    used 8331K, committed 8512K, reserved 1048576K
}

